c:\users\s171043\documents\github\aie-assignment-2d-game\temp\project2d\debug\vc140.pdb
c:\users\s171043\documents\github\aie-assignment-2d-game\temp\project2d\debug\vc140.idb
c:\users\s171043\documents\github\aie-assignment-2d-game\temp\project2d\debug\application2d.obj
c:\users\s171043\documents\github\aie-assignment-2d-game\temp\project2d\debug\collisionmanager.obj
c:\users\s171043\documents\github\aie-assignment-2d-game\temp\project2d\debug\entity.obj
c:\users\s171043\documents\github\aie-assignment-2d-game\temp\project2d\debug\matrix2.obj
c:\users\s171043\documents\github\aie-assignment-2d-game\temp\project2d\debug\matrix3.obj
c:\users\s171043\documents\github\aie-assignment-2d-game\temp\project2d\debug\matrix4.obj
c:\users\s171043\documents\github\aie-assignment-2d-game\temp\project2d\debug\player.obj
c:\users\s171043\documents\github\aie-assignment-2d-game\temp\project2d\debug\vector2.obj
c:\users\s171043\documents\github\aie-assignment-2d-game\temp\project2d\debug\vector3.obj
c:\users\s171043\documents\github\aie-assignment-2d-game\temp\project2d\debug\vector4.obj
c:\users\s171043\documents\github\aie-assignment-2d-game\temp\project2d\debug\main.obj
c:\users\s171043\documents\github\aie-assignment-2d-game\temp\project2d\debug\turret.obj
c:\users\s171043\documents\github\aie-assignment-2d-game\temp\project2d\debug\antenna.obj
c:\users\s171043\documents\github\aie-assignment-2d-game\temp\project2d\debug\map.obj
c:\users\s171043\documents\github\aie-assignment-2d-game\temp\project2d\debug\wall.obj
c:\users\s171043\documents\github\aie-assignment-2d-game\temp\project2d\debug\bullet.obj
c:\users\s171043\documents\github\aie-assignment-2d-game\temp\project2d\debug\project2d.ilk
c:\users\s171043\documents\github\aie-assignment-2d-game\temp\project2d\debug\project2d.exe
c:\users\s171043\documents\github\aie-assignment-2d-game\temp\project2d\debug\project2d.pdb
c:\users\s171043\documents\github\aie-assignment-2d-game\temp\project2d\debug\planet.obj
c:\users\s171043\documents\github\aie-assignment-2d-game\temp\project2d\debug\station.obj
c:\users\s171043\documents\github\aie-assignment-2d-game\temp\project2d\debug\project2d.tlog\cl.command.1.tlog
c:\users\s171043\documents\github\aie-assignment-2d-game\temp\project2d\debug\project2d.tlog\cl.read.1.tlog
c:\users\s171043\documents\github\aie-assignment-2d-game\temp\project2d\debug\project2d.tlog\cl.write.1.tlog
c:\users\s171043\documents\github\aie-assignment-2d-game\temp\project2d\debug\project2d.tlog\link.command.1.tlog
c:\users\s171043\documents\github\aie-assignment-2d-game\temp\project2d\debug\project2d.tlog\link.read.1.tlog
c:\users\s171043\documents\github\aie-assignment-2d-game\temp\project2d\debug\project2d.tlog\link.write.1.tlog
