  Vector4.cpp
  Vector3.cpp
  Vector2.cpp
  Player.cpp
  Matrix4.cpp
c:\users\thomas wiltshire\desktop\pc\github\aie-assignment-2d-game\project2d\matrix4.cpp(110): warning C4244: '=': conversion from 'double' to 'float', possible loss of data
c:\users\thomas wiltshire\desktop\pc\github\aie-assignment-2d-game\project2d\matrix4.cpp(111): warning C4244: '=': conversion from 'double' to 'float', possible loss of data
c:\users\thomas wiltshire\desktop\pc\github\aie-assignment-2d-game\project2d\matrix4.cpp(114): warning C4244: '=': conversion from 'double' to 'float', possible loss of data
c:\users\thomas wiltshire\desktop\pc\github\aie-assignment-2d-game\project2d\matrix4.cpp(115): warning C4244: '=': conversion from 'double' to 'float', possible loss of data
c:\users\thomas wiltshire\desktop\pc\github\aie-assignment-2d-game\project2d\matrix4.cpp(126): warning C4244: '=': conversion from 'double' to 'float', possible loss of data
c:\users\thomas wiltshire\desktop\pc\github\aie-assignment-2d-game\project2d\matrix4.cpp(128): warning C4244: '=': conversion from 'double' to 'float', possible loss of data
c:\users\thomas wiltshire\desktop\pc\github\aie-assignment-2d-game\project2d\matrix4.cpp(134): warning C4244: '=': conversion from 'double' to 'float', possible loss of data
c:\users\thomas wiltshire\desktop\pc\github\aie-assignment-2d-game\project2d\matrix4.cpp(136): warning C4244: '=': conversion from 'double' to 'float', possible loss of data
c:\users\thomas wiltshire\desktop\pc\github\aie-assignment-2d-game\project2d\matrix4.cpp(147): warning C4244: '=': conversion from 'double' to 'float', possible loss of data
c:\users\thomas wiltshire\desktop\pc\github\aie-assignment-2d-game\project2d\matrix4.cpp(148): warning C4244: '=': conversion from 'double' to 'float', possible loss of data
c:\users\thomas wiltshire\desktop\pc\github\aie-assignment-2d-game\project2d\matrix4.cpp(151): warning C4244: '=': conversion from 'double' to 'float', possible loss of data
c:\users\thomas wiltshire\desktop\pc\github\aie-assignment-2d-game\project2d\matrix4.cpp(152): warning C4244: '=': conversion from 'double' to 'float', possible loss of data
  Matrix3.cpp
c:\users\thomas wiltshire\desktop\pc\github\aie-assignment-2d-game\project2d\matrix3.cpp(82): warning C4244: '=': conversion from 'double' to 'float', possible loss of data
c:\users\thomas wiltshire\desktop\pc\github\aie-assignment-2d-game\project2d\matrix3.cpp(83): warning C4244: '=': conversion from 'double' to 'float', possible loss of data
c:\users\thomas wiltshire\desktop\pc\github\aie-assignment-2d-game\project2d\matrix3.cpp(85): warning C4244: '=': conversion from 'double' to 'float', possible loss of data
c:\users\thomas wiltshire\desktop\pc\github\aie-assignment-2d-game\project2d\matrix3.cpp(86): warning C4244: '=': conversion from 'double' to 'float', possible loss of data
c:\users\thomas wiltshire\desktop\pc\github\aie-assignment-2d-game\project2d\matrix3.cpp(92): warning C4244: '=': conversion from 'double' to 'float', possible loss of data
c:\users\thomas wiltshire\desktop\pc\github\aie-assignment-2d-game\project2d\matrix3.cpp(94): warning C4244: '=': conversion from 'double' to 'float', possible loss of data
c:\users\thomas wiltshire\desktop\pc\github\aie-assignment-2d-game\project2d\matrix3.cpp(98): warning C4244: '=': conversion from 'double' to 'float', possible loss of data
c:\users\thomas wiltshire\desktop\pc\github\aie-assignment-2d-game\project2d\matrix3.cpp(100): warning C4244: '=': conversion from 'double' to 'float', possible loss of data
c:\users\thomas wiltshire\desktop\pc\github\aie-assignment-2d-game\project2d\matrix3.cpp(106): warning C4244: '=': conversion from 'double' to 'float', possible loss of data
c:\users\thomas wiltshire\desktop\pc\github\aie-assignment-2d-game\project2d\matrix3.cpp(107): warning C4244: '=': conversion from 'double' to 'float', possible loss of data
c:\users\thomas wiltshire\desktop\pc\github\aie-assignment-2d-game\project2d\matrix3.cpp(109): warning C4244: '=': conversion from 'double' to 'float', possible loss of data
c:\users\thomas wiltshire\desktop\pc\github\aie-assignment-2d-game\project2d\matrix3.cpp(110): warning C4244: '=': conversion from 'double' to 'float', possible loss of data
  Matrix2.cpp
c:\users\thomas wiltshire\desktop\pc\github\aie-assignment-2d-game\project2d\matrix2.cpp(61): warning C4244: '=': conversion from 'double' to 'float', possible loss of data
c:\users\thomas wiltshire\desktop\pc\github\aie-assignment-2d-game\project2d\matrix2.cpp(62): warning C4244: '=': conversion from 'double' to 'float', possible loss of data
c:\users\thomas wiltshire\desktop\pc\github\aie-assignment-2d-game\project2d\matrix2.cpp(63): warning C4244: '=': conversion from 'double' to 'float', possible loss of data
c:\users\thomas wiltshire\desktop\pc\github\aie-assignment-2d-game\project2d\matrix2.cpp(64): warning C4244: '=': conversion from 'double' to 'float', possible loss of data
  main.cpp
  Entity.cpp
c:\users\thomas wiltshire\desktop\pc\github\aie-assignment-2d-game\project2d\entity.cpp(33): warning C4018: '<': signed/unsigned mismatch
  Application2D.cpp
  Generating Code...
c:\users\thomas wiltshire\desktop\pc\github\aie-assignment-2d-game\project2d\vector2.cpp(123): warning C4715: 'Vector2::Normalised': not all control paths return a value
c:\users\thomas wiltshire\desktop\pc\github\aie-assignment-2d-game\project2d\vector3.cpp(143): warning C4715: 'Vector3::Normalised': not all control paths return a value
c:\users\thomas wiltshire\desktop\pc\github\aie-assignment-2d-game\project2d\vector4.cpp(153): warning C4715: 'Vector4::Normalised': not all control paths return a value
LINK : warning LNK4098: defaultlib 'MSVCRT' conflicts with use of other libs; use /NODEFAULTLIB:library
  Project2D.vcxproj -> C:\Users\Thomas Wiltshire\Desktop\Pc\GitHub\AIE-Assignment-2D-Game\temp\Project2D\Debug\Project2D.exe
  Project2D.vcxproj -> C:\Users\Thomas Wiltshire\Desktop\Pc\GitHub\AIE-Assignment-2D-Game\temp\Project2D\Debug\Project2D.pdb (Full PDB)
