c:\users\thomas wiltshire\desktop\pc\github\aie-assignment-2d-game\temp\bootstrap\debug\bootstrap.pdb
c:\users\thomas wiltshire\desktop\pc\github\aie-assignment-2d-game\temp\bootstrap\debug\bootstrap.idb
c:\users\thomas wiltshire\desktop\pc\github\aie-assignment-2d-game\temp\bootstrap\debug\imgui.obj
c:\users\thomas wiltshire\desktop\pc\github\aie-assignment-2d-game\temp\bootstrap\debug\imgui_draw.obj
c:\users\thomas wiltshire\desktop\pc\github\aie-assignment-2d-game\temp\bootstrap\debug\application.obj
c:\users\thomas wiltshire\desktop\pc\github\aie-assignment-2d-game\temp\bootstrap\debug\audio.obj
c:\users\thomas wiltshire\desktop\pc\github\aie-assignment-2d-game\temp\bootstrap\debug\font.obj
c:\users\thomas wiltshire\desktop\pc\github\aie-assignment-2d-game\temp\bootstrap\debug\gizmos.obj
c:\users\thomas wiltshire\desktop\pc\github\aie-assignment-2d-game\temp\bootstrap\debug\input.obj
c:\users\thomas wiltshire\desktop\pc\github\aie-assignment-2d-game\temp\bootstrap\debug\renderer2d.obj
c:\users\thomas wiltshire\desktop\pc\github\aie-assignment-2d-game\temp\bootstrap\debug\soundmanager.obj
c:\users\thomas wiltshire\desktop\pc\github\aie-assignment-2d-game\temp\bootstrap\debug\texture.obj
c:\users\thomas wiltshire\desktop\pc\github\aie-assignment-2d-game\temp\bootstrap\debug\imgui_glfw3.obj
c:\users\thomas wiltshire\desktop\pc\github\aie-assignment-2d-game\temp\bootstrap\debug\gl_core_4_4.obj
c:\users\thomas wiltshire\desktop\pc\github\aie-assignment-2d-game\temp\bootstrap\debug\bootstrap.lib
c:\users\thomas wiltshire\desktop\pc\github\aie-assignment-2d-game\temp\bootstrap\debug\bootstrap.tlog\cl.command.1.tlog
c:\users\thomas wiltshire\desktop\pc\github\aie-assignment-2d-game\temp\bootstrap\debug\bootstrap.tlog\cl.read.1.tlog
c:\users\thomas wiltshire\desktop\pc\github\aie-assignment-2d-game\temp\bootstrap\debug\bootstrap.tlog\cl.write.1.tlog
c:\users\thomas wiltshire\desktop\pc\github\aie-assignment-2d-game\temp\bootstrap\debug\bootstrap.tlog\lib-link.read.1.tlog
c:\users\thomas wiltshire\desktop\pc\github\aie-assignment-2d-game\temp\bootstrap\debug\bootstrap.tlog\lib-link.write.1.tlog
c:\users\thomas wiltshire\desktop\pc\github\aie-assignment-2d-game\temp\bootstrap\debug\bootstrap.tlog\lib.command.1.tlog
